{"C:\\Personal\\Projects\\fun\\src\\async\\forEach\\index.ts": {"path":"C:\\Personal\\Projects\\fun\\src\\async\\forEach\\index.ts","statementMap":{"0":{"start":{"line":5,"column":0},"end":{"line":17,"column":null}},"1":{"start":{"line":8,"column":4},"end":{"line":17,"column":null}},"2":{"start":{"line":9,"column":13},"end":{"line":9,"column":18}},"3":{"start":{"line":10,"column":2},"end":{"line":15,"column":null}},"4":{"start":{"line":10,"column":30},"end":{"line":10,"column":null}},"5":{"start":{"line":10,"column":26},"end":{"line":10,"column":30}},"6":{"start":{"line":11,"column":4},"end":{"line":13,"column":null}},"7":{"start":{"line":12,"column":6},"end":{"line":12,"column":null}},"8":{"start":{"line":14,"column":4},"end":{"line":14,"column":20}},"9":{"start":{"line":14,"column":14},"end":{"line":14,"column":20}},"10":{"start":{"line":16,"column":2},"end":{"line":16,"column":8}}},"fnMap":{"0":{"name":"(anonymous_14)","decl":{"start":{"line":5,"column":15},"end":{"line":5,"column":null}},"loc":{"start":{"line":8,"column":4},"end":{"line":17,"column":null}}},"1":{"name":"(anonymous_15)","decl":{"start":{"line":8,"column":4},"end":{"line":8,"column":null}},"loc":{"start":{"line":8,"column":4},"end":{"line":17,"column":1}}},"2":{"name":"(anonymous_16)","decl":{"start":{"line":11,"column":29},"end":{"line":11,"column":32}},"loc":{"start":{"line":11,"column":34},"end":{"line":13,"column":5}}}},"branchMap":{"0":{"loc":{"start":{"line":14,"column":4},"end":{"line":14,"column":20}},"type":"if","locations":[{"start":{"line":14,"column":4},"end":{"line":14,"column":20}},{"start":{"line":14,"column":4},"end":{"line":14,"column":20}}]}},"s":{"0":1,"1":2,"2":2,"3":2,"4":2,"5":7,"6":7,"7":1,"8":7,"9":1,"10":1},"f":{"0":2,"1":2,"2":1},"b":{"0":[1,6]}}
,"C:\\Personal\\Projects\\fun\\testUtils\\index.ts": {"path":"C:\\Personal\\Projects\\fun\\testUtils\\index.ts","statementMap":{"0":{"start":{"line":1,"column":13},"end":{"line":3,"column":null}},"1":{"start":{"line":2,"column":2},"end":{"line":2,"column":8}}},"fnMap":{"0":{"name":"(anonymous_0)","decl":{"start":{"line":1,"column":25},"end":{"line":1,"column":28}},"loc":{"start":{"line":1,"column":30},"end":{"line":3,"column":1}}}},"branchMap":{},"s":{"0":1,"1":2},"f":{"0":2},"b":{}}
}
